<?xml version="1.0" encoding="UTF-8"?>
<!-- Generated by org.testng.reporters.JUnitReportReporter -->
<testsuite hostname="DESKTOP-BS09OCS" failures="0" tests="1" name="com.practice.Day7_3" time="66.273" errors="0" timestamp="2 Jun 2023 22:14:10 GMT">
  <testcase classname="com.practice.Day7_3" name="underMethod" time="66.273"/>
</testsuite> <!-- com.practice.Day7_3 -->
