<?xml version="1.0" encoding="UTF-8"?>
<!-- Generated by org.testng.reporters.JUnitReportReporter -->
<testsuite hostname="DESKTOP-BS09OCS" failures="0" tests="4" name="com.practice.Day7_2" time="0.013" errors="0" timestamp="2 Jun 2023 21:09:52 GMT">
  <testcase classname="com.practice.Day7_2" name="add" time="0.008"/>
  <testcase classname="com.practice.Day7_2" name="divide" time="0.001"/>
  <testcase classname="com.practice.Day7_2" name="sub" time="0.002"/>
  <testcase classname="com.practice.Day7_2" name="product" time="0.002"/>
</testsuite> <!-- com.practice.Day7_2 -->
