<?xml version="1.0" encoding="UTF-8"?>
<!-- Generated by org.testng.reporters.JUnitReportReporter -->
<testsuite hostname="DESKTOP-BS09OCS" failures="0" tests="1" name="com.practice.Day7_1" time="60.320" errors="0" timestamp="2 Jun 2023 18:34:15 GMT">
  <testcase classname="com.practice.Day7_1" name="verifyTitle" time="60.320"/>
</testsuite> <!-- com.practice.Day7_1 -->
