<?xml version="1.0" encoding="UTF-8"?>
<!-- Generated by org.testng.reporters.JUnitReportReporter -->
<testsuite hostname="DESKTOP-BS09OCS" failures="0" tests="2" name="com.practice.Day7_4" time="37.200" errors="0" timestamp="2 Jun 2023 22:21:52 GMT">
  <testcase classname="com.practice.Day7_4" name="testcase1" time="26.526"/>
  <testcase classname="com.practice.Day7_4" name="testcase2" time="10.674"/>
</testsuite> <!-- com.practice.Day7_4 -->
